<?xml version="1.0" encoding="UTF-8"?>
<!-- Generated by org.testng.reporters.JUnitReportReporter -->
<testsuite skipped="0" hostname="DESKTOP-QU3C11S" name="first.root" tests="1" failures="0" timestamp="23 Sep 2020 18:21:14 GMT" time="16.285" errors="0">
  <testcase name="configure" time="16.285" classname="first.root"/>
</testsuite> <!-- first.root -->
